InitActivity/build/outputs/logs/manifest-merger-release-report.txt
-- Merging decision tree log ---
manifest
ADDED from Player\InitActivity\AndroidManifest.xml:1:1-18:12
INJECTED from Player\InitActivity\AndroidManifest.xml:1:1-18:12
INJECTED from Player\InitActivity\AndroidManifest.xml:1:1-18:12
INJECTED from Player\InitActivity\AndroidManifest.xml:1:1-18:12
INJECTED from Player\InitActivity\AndroidManifest.xml:1:1-18:12
INJECTED from Player\InitActivity\AndroidManifest.xml:1:1-18:12
INJECTED from Player\InitActivity\AndroidManifest.xml:1:1-18:12
	package
		ADDED from Player\InitActivity\AndroidManifest.xml:2:5-29
		INJECTED from Player\InitActivity\AndroidManifest.xml
		INJECTED from Player\InitActivity\AndroidManifest.xml
	android:versionName
		ADDED from Player\InitActivity\AndroidManifest.xml:4:5-30
		INJECTED from Player\InitActivity\AndroidManifest.xml
		INJECTED from Player\InitActivity\AndroidManifest.xml
	xmlns:android
		ADDED from Player\InitActivity\AndroidManifest.xml:1:11-69
	android:versionCode
		ADDED from Player\InitActivity\AndroidManifest.xml:3:5-30
		INJECTED from Player\InitActivity\AndroidManifest.xml
		INJECTED from Player\InitActivity\AndroidManifest.xml
uses-permission#android.permission.WAKE_LOCK
ADDED from Player\InitActivity\AndroidManifest.xml:6:5-68
	android:name
		ADDED from Player\InitActivity\AndroidManifest.xml:6:22-65
uses-permission#android.permission.INTERNET
ADDED from Player\InitActivity\AndroidManifest.xml:7:5-67
	android:name
		ADDED from Player\InitActivity\AndroidManifest.xml:7:22-64
application
ADDED from Player\InitActivity\AndroidManifest.xml:9:5-16:19
activity#io.vov.vitamio.activity.InitActivity
ADDED from Player\InitActivity\AndroidManifest.xml:10:9-15:63
	android:launchMode
		ADDED from Player\InitActivity\AndroidManifest.xml:13:13-43
	android:windowSoftInputMode
		ADDED from Player\InitActivity\AndroidManifest.xml:15:13-60
	android:configChanges
		ADDED from Player\InitActivity\AndroidManifest.xml:12:13-113
	android:theme
		ADDED from Player\InitActivity\AndroidManifest.xml:14:13-60
	android:name
		ADDED from Player\InitActivity\AndroidManifest.xml:11:13-64
uses-sdk
INJECTED from Player\InitActivity\AndroidManifest.xml reason: use-sdk injection requested
INJECTED from Player\InitActivity\AndroidManifest.xml
INJECTED from Player\InitActivity\AndroidManifest.xml
INJECTED from Player\InitActivity\AndroidManifest.xml
INJECTED from Player\InitActivity\AndroidManifest.xml
	android:targetSdkVersion
		INJECTED from Player\InitActivity\AndroidManifest.xml
		ADDED from Player\InitActivity\AndroidManifest.xml
		INJECTED from Player\InitActivity\AndroidManifest.xml
	android:minSdkVersion
		INJECTED from Player\InitActivity\AndroidManifest.xml
		ADDED from Player\InitActivity\AndroidManifest.xml
		INJECTED from Player\InitActivity\AndroidManifest.xml